<?xml version="1.0" encoding="UTF-8"?>
<testsuite xmlns:xsi="http://www.w3.org/2001/XMLSchema-instance" xsi:noNamespaceSchemaLocation="https://maven.apache.org/surefire/maven-surefire-plugin/xsd/surefire-test-report.xsd" name="TestSuite" time="60.196" tests="7" errors="0" skipped="0" failures="2">
  <properties>
[...]
</properties>
  <testcase name="TTT" classname="tests.Tests" time="0.134"/>
  <testcase name="happyPassPicter" classname="tests.Tests_2_pictures" time="5.158"/>
  <testcase name="happyPassCalc" classname="tests.Tests_1_search" time="5.895">
    <failure message="Element not found {By.xpath: //div[@class=&apos;calculator__screen&apos;]//span[text()=&apos;5 + 5&apos;]}&#10;Expected: exist&#10;Screenshot: file:/C:/Users/Yury/IdeaProjects/Yandex.ru/build/reports/tests/1608282901958.0.png&#10;Page source: file:/C:/Users/Yury/IdeaProjects/Yandex.ru/build/reports/tests/1608282901958.0.html&#10;Timeout: 4 s.&#10;Caused by: NoSuchElementException: no such element: Unable to locate element: {&quot;method&quot;:&quot;xpath&quot;,&quot;selector&quot;:&quot;//div[@class=&apos;calculator__screen&apos;]//span[text()=&apos;5 + 5&apos;]&quot;}" type="com.codeborne.selenide.ex.ElementNotFound">com.codeborne.selenide.ex.ElementNotFound: 
Element not found {By.xpath: //div[@class='calculator__screen']//span[text()='5 + 5']}
Expected: exist
Screenshot: file:/C:/Users/Yury/IdeaProjects/Yandex.ru/build/reports/tests/1608282901958.0.png
Page source: file:/C:/Users/Yury/IdeaProjects/Yandex.ru/build/reports/tests/1608282901958.0.html
Timeout: 4 s.
Caused by: NoSuchElementException: no such element: Unable to locate element: {"method":"xpath","selector":"//div[@class='calculator__screen']//span[text()='5 + 5']"}
	at tests.Tests_1_search.happyPassCalc(Tests_1_search.java:32)
Caused by: org.openqa.selenium.NoSuchElementException: 
no such element: Unable to locate element: {"method":"xpath","selector":"//div[@class='calculator__screen']//span[text()='5 + 5']"}
  (Session info: chrome=87.0.4280.88)
For documentation on this error, please visit: https://www.seleniumhq.org/exceptions/no_such_element.html
Build info: version: '3.141.59', revision: 'e82be7d358', time: '2018-11-14T08:17:03'
System info: host: 'DESKTOP-S0EOUVT', ip: '192.168.0.104', os.name: 'Windows 10', os.arch: 'amd64', os.version: '10.0', java.version: '11.0.8'
Driver info: org.openqa.selenium.chrome.ChromeDriver
Capabilities {acceptInsecureCerts: true, browserName: chrome, browserVersion: 87.0.4280.88, chrome: {chromedriverVersion: 87.0.4280.88 (89e2380a3e36c..., userDataDir: C:\Users\Yury\AppData\Local...}, goog:chromeOptions: {debuggerAddress: localhost:63789}, javascriptEnabled: true, networkConnectionEnabled: false, pageLoadStrategy: normal, platform: WINDOWS, platformName: WINDOWS, proxy: Proxy(), setWindowRect: true, strictFileInteractability: false, timeouts: {implicit: 0, pageLoad: 300000, script: 30000}, unhandledPromptBehavior: dismiss and notify, webauthn:virtualAuthenticators: true}
Session ID: cc5538a8a5ac633d666c5c2efad7b88f
*** Element info: {Using=xpath, value=//div[@class='calculator__screen']//span[text()='5 + 5']}
	at tests.Tests_1_search.happyPassCalc(Tests_1_search.java:32)
</failure>
  </testcase>
  <testcase name="happyPassNews" classname="tests.Tests_3_news" time="10.856"/>
  <testcase name="happyPassMore" classname="tests.Tests_1_search" time="2.604"/>
  <testcase name="UniversalLocatorTest" classname="tests.Tests_4_universalLocator" time="0.622">
    <failure message="Element not found {By.xpath: //span[text()=&apos;Диск&apos;]}&#10;Expected: exist&#10;Screenshot: file:/C:/Users/Yury/IdeaProjects/Yandex.ru/build/reports/tests/1608282925562.1.png&#10;Page source: file:/C:/Users/Yury/IdeaProjects/Yandex.ru/build/reports/tests/1608282925562.1.html&#10;Timeout: 10 s.&#10;Caused by: NoSuchElementException: no such element: Unable to locate element: {&quot;method&quot;:&quot;xpath&quot;,&quot;selector&quot;:&quot;//span[text()=&apos;Диск&apos;]&quot;}" type="com.codeborne.selenide.ex.ElementNotFound">com.codeborne.selenide.ex.ElementNotFound: 
Element not found {By.xpath: //span[text()='Диск']}
Expected: exist
Screenshot: file:/C:/Users/Yury/IdeaProjects/Yandex.ru/build/reports/tests/1608282925562.1.png
Page source: file:/C:/Users/Yury/IdeaProjects/Yandex.ru/build/reports/tests/1608282925562.1.html
Timeout: 10 s.
Caused by: NoSuchElementException: no such element: Unable to locate element: {"method":"xpath","selector":"//span[text()='Диск']"}
	at tests.Tests_4_universalLocator.UniversalLocatorTest(Tests_4_universalLocator.java:15)
Caused by: org.openqa.selenium.NoSuchElementException: 
no such element: Unable to locate element: {"method":"xpath","selector":"//span[text()='Диск']"}
  (Session info: chrome=87.0.4280.88)
For documentation on this error, please visit: https://www.seleniumhq.org/exceptions/no_such_element.html
Build info: version: '3.141.59', revision: 'e82be7d358', time: '2018-11-14T08:17:03'
System info: host: 'DESKTOP-S0EOUVT', ip: '192.168.0.104', os.name: 'Windows 10', os.arch: 'amd64', os.version: '10.0', java.version: '11.0.8'
Driver info: org.openqa.selenium.chrome.ChromeDriver
Capabilities {acceptInsecureCerts: true, browserName: chrome, browserVersion: 87.0.4280.88, chrome: {chromedriverVersion: 87.0.4280.88 (89e2380a3e36c..., userDataDir: C:\Users\Yury\AppData\Local...}, goog:chromeOptions: {debuggerAddress: localhost:64113}, javascriptEnabled: true, networkConnectionEnabled: false, pageLoadStrategy: normal, platform: WINDOWS, platformName: WINDOWS, proxy: Proxy(), setWindowRect: true, strictFileInteractability: false, timeouts: {implicit: 0, pageLoad: 300000, script: 30000}, unhandledPromptBehavior: dismiss and notify, webauthn:virtualAuthenticators: true}
Session ID: b4338cdc4b801c5f682aba27bbfb758e
*** Element info: {Using=xpath, value=//span[text()='Диск']}
	at tests.Tests_4_universalLocator.UniversalLocatorTest(Tests_4_universalLocator.java:15)
</failure>
    <system-err><![CDATA[Starting ChromeDriver 87.0.4280.88 (89e2380a3e36c3464b5dd1302349b1382549290d-refs/branch-heads/4280@{#1761}) on port 29939
Only local connections are allowed.
Please see https://chromedriver.chromium.org/security-considerations for suggestions on keeping ChromeDriver safe.
ChromeDriver was started successfully.
дек. 18, 2020 12:15:25 PM org.openqa.selenium.remote.ProtocolHandshake createSession
INFO: Detected dialect: W3C
]]></system-err>
  </testcase>
  <testcase name="happyPassOK" classname="tests.Tests_1_search" time="2.805"/>
</testsuite>